TN:
SF:lib/data/stopwatch_service.dart
FNF:0
FNH:0
DA:10,1
DA:16,1
DA:21,1
DA:22,1
DA:26,1
DA:28,1
DA:30,4
DA:31,1
DA:33,2
DA:36,1
DA:37,2
DA:40,2
DA:41,4
DA:46,1
DA:49,3
LF:15
LH:15
end_of_record
TN:
SF:lib/models/saved_stopwatch.dart
FNF:0
FNH:0
DA:16,2
LF:1
LH:1
end_of_record
TN:
SF:lib/models/saved_stopwatch.g.dart
FNF:0
FNH:0
DA:9,1
DA:10,1
DA:11,1
DA:13,1
DA:14,1
DA:15,1
DA:16,1
DA:17,1
DA:19,2
DA:22,1
DA:24,1
DA:25,1
DA:26,1
DA:27,1
DA:28,2
LF:15
LH:15
end_of_record
TN:
SF:lib/models/stopwatch_model.dart
FNF:0
FNH:0
DA:14,0
DA:16,2
LF:2
LH:1
end_of_record
TN:
SF:lib/models/stopwatch_model.g.dart
FNF:0
FNH:0
DA:9,1
DA:10,1
DA:11,1
DA:13,2
DA:14,1
DA:15,3
DA:16,1
DA:20,1
DA:22,1
DA:23,1
DA:24,1
LF:11
LH:11
end_of_record
TN:
SF:lib/models/timer_model.dart
FNF:0
FNH:0
DA:13,2
LF:1
LH:1
end_of_record
TN:
SF:lib/models/timer_model.g.dart
FNF:0
FNH:0
DA:9,1
DA:10,1
DA:11,1
DA:12,1
DA:15,1
DA:16,1
DA:17,1
DA:18,1
LF:8
LH:8
end_of_record
